{"/Users/isaaccavallaro/Documents/Visual Studio Code/js/squareNsum/squareNsum.js": {"path":"/Users/isaaccavallaro/Documents/Visual Studio Code/js/squareNsum/squareNsum.js","statementMap":{"0":{"start":{"line":2,"column":15},"end":{"line":2,"column":16}},"1":{"start":{"line":3,"column":14},"end":{"line":3,"column":63}},"2":{"start":{"line":3,"column":42},"end":{"line":3,"column":61}},"3":{"start":{"line":4,"column":6},"end":{"line":6,"column":7}},"4":{"start":{"line":5,"column":8},"end":{"line":5,"column":24}},"5":{"start":{"line":7,"column":4},"end":{"line":7,"column":17}},"6":{"start":{"line":10,"column":0},"end":{"line":10,"column":27}}},"fnMap":{"0":{"name":"squareNsum","decl":{"start":{"line":1,"column":9},"end":{"line":1,"column":19}},"loc":{"start":{"line":1,"column":28},"end":{"line":8,"column":3}},"line":1},"1":{"name":"(anonymous_1)","decl":{"start":{"line":3,"column":26},"end":{"line":3,"column":27}},"loc":{"start":{"line":3,"column":41},"end":{"line":3,"column":62}},"line":3}},"branchMap":{},"s":{"0":3,"1":3,"2":6,"3":2,"4":6,"5":2,"6":1},"f":{"0":3,"1":6},"b":{},"_coverageSchema":"1a1c01bbd47fc00a2c39e90264f33305004495a9","hash":"16c659836c6915065eb92832f0a1b1127d27013c"}
}
